<?xml version="1.0" encoding="UTF-8"?>
<!-- Generated by org.testng.reporters.JUnitReportReporter -->
<testsuite hostname="DESKTOP-VTBT3RG" failures="0" tests="6" name="TestCase.FacebookLogin" time="30.544" errors="0" timestamp="2022-05-27T07:37:09 IST" skipped="0">
  <testcase classname="TestCase.FacebookLogin" name="login" time="6.079"/>
  <system-out/>
  <testcase classname="TestCase.FacebookLogin" name="login" time="6.270"/>
  <system-out/>
  <testcase classname="TestCase.FacebookLogin" name="login" time="6.418"/>
  <system-out/>
  <testcase classname="TestCase.FacebookLogin" name="login" time="6.517"/>
  <system-out/>
  <testcase classname="TestCase.FacebookLogin" name="loginwithnocrenyials" time="1.711"/>
  <system-out/>
  <testcase classname="TestCase.FacebookLogin" name="loginwithinvalidemailid" time="3.549"/>
  <system-out/>
</testsuite> <!-- TestCase.FacebookLogin -->
