<?xml version="1.0" encoding="UTF-8"?>
<!-- Generated by org.testng.reporters.JUnitReportReporter -->
<testsuite hostname="DESKTOP-VTBT3RG" failures="0" tests="3" name="Testngconcepts.Annatotate" time="0.014" errors="0" timestamp="2022-05-24T07:55:03 IST" skipped="0">
  <testcase classname="Testngconcepts.Annatotate" name="Testcase2" time="0.009"/>
  <system-out/>
  <testcase classname="Testngconcepts.Annatotate" name="Testcase1" time="0.004"/>
  <system-out/>
  <testcase classname="Testngconcepts.Annatotate" name="Testcase3" time="0.001"/>
  <system-out/>
</testsuite> <!-- Testngconcepts.Annatotate -->
