<?xml version="1.0" encoding="UTF-8"?>
<!-- Generated by org.testng.reporters.JUnitReportReporter -->
<testsuite hostname="DESKTOP-VTBT3RG" failures="0" tests="1" name="Testngconcepts.FirstTestNg" time="4.490" errors="0" timestamp="2022-05-20T08:12:04 IST" skipped="0">
  <testcase classname="Testngconcepts.FirstTestNg" name="launch" time="4.490"/>
  <system-out/>
</testsuite> <!-- Testngconcepts.FirstTestNg -->
