<?xml version="1.0" encoding="UTF-8"?>
<!-- Generated by org.testng.reporters.JUnitReportReporter -->
<testsuite hostname="DESKTOP-VTBT3RG" failures="0" tests="2" name="Testngconcepts.Annatotate" time="0.005" errors="0" timestamp="2022-05-20T08:12:04 IST" skipped="0">
  <testcase classname="Testngconcepts.Annatotate" name="Testcase2" time="0.003"/>
  <system-out/>
  <testcase classname="Testngconcepts.Annatotate" name="Testcase1" time="0.002"/>
  <system-out/>
</testsuite> <!-- Testngconcepts.Annatotate -->
