<?xml version="1.0" encoding="UTF-8"?>
<!-- Generated by org.testng.reporters.JUnitReportReporter -->
<testsuite hostname="DESKTOP-VTBT3RG" failures="0" tests="5" name="Testngconcepts.FirstTestNg" time="5.406" errors="0" timestamp="2022-05-24T07:55:03 IST" skipped="0">
  <testcase classname="Testngconcepts.FirstTestNg" name="launch" time="4.970"/>
  <system-out/>
  <testcase classname="Testngconcepts.FirstTestNg" name="Testcase2" time="0.002"/>
  <system-out/>
  <testcase classname="Testngconcepts.FirstTestNg" name="validcredentials" time="0.430"/>
  <system-out/>
  <testcase classname="Testngconcepts.FirstTestNg" name="Testcase1" time="0.002"/>
  <system-out/>
  <testcase classname="Testngconcepts.FirstTestNg" name="Testcase3" time="0.002"/>
  <system-out/>
</testsuite> <!-- Testngconcepts.FirstTestNg -->
