<?xml version="1.0" encoding="UTF-8"?>
<!-- Generated by org.testng.reporters.JUnitReportReporter -->
<testsuite hostname="DESKTOP-VTBT3RG" failures="0" tests="4" name="TestCase.FacebookLoginloutwithPOM" time="30.304" errors="0" timestamp="2022-05-27T07:37:09 IST" skipped="0">
  <testcase classname="TestCase.FacebookLoginloutwithPOM" name="loginwithPageobjectModel" time="7.106"/>
  <system-out/>
  <testcase classname="TestCase.FacebookLoginloutwithPOM" name="loginwithPageobjectModel" time="6.912"/>
  <system-out/>
  <testcase classname="TestCase.FacebookLoginloutwithPOM" name="loginwithPageobjectModel" time="6.747"/>
  <system-out/>
  <testcase classname="TestCase.FacebookLoginloutwithPOM" name="loginwithPageobjectModel" time="9.539"/>
  <system-out/>
</testsuite> <!-- TestCase.FacebookLoginloutwithPOM -->
