<?xml version="1.0" encoding="UTF-8"?>
<!-- Generated by org.testng.reporters.JUnitReportReporter -->
<testsuite hostname="DESKTOP-VTBT3RG" failures="0" tests="6" name="TestCase.FacebookLogin" time="46.521" errors="0" timestamp="2022-06-01T07:11:23 IST" skipped="0">
  <testcase classname="TestCase.FacebookLogin" name="login" time="10.476"/>
  <system-out/>
  <testcase classname="TestCase.FacebookLogin" name="login" time="8.351"/>
  <system-out/>
  <testcase classname="TestCase.FacebookLogin" name="login" time="13.552"/>
  <system-out/>
  <testcase classname="TestCase.FacebookLogin" name="login" time="9.550"/>
  <system-out/>
  <testcase classname="TestCase.FacebookLogin" name="loginwithnocrenyials" time="1.888"/>
  <system-out/>
  <testcase classname="TestCase.FacebookLogin" name="loginwithinvalidemailid" time="2.704"/>
  <system-out/>
</testsuite> <!-- TestCase.FacebookLogin -->
